2023-06-15T10:43:41.371Z
2023-06-15T13:19:27.630Z
cwd: ~/Documents/projects/apply-for-legal-aid-prototype
package: govuk-prototype-kit@13.8.1
argv: ~/.nvm/versions/node/v18.13.0/bin/node ~/.npm/_npx/ab0cb2c39bc0319f/node_modules/.bin/govuk-prototype-kit migrate
Started [Check migration is being applied to a pre v13 prototype]
Succeeded [Check migration is being applied to a pre v13 prototype]
2023-06-15T13:19:36.924Z
cwd: ~/Documents/projects/apply-for-legal-aid-prototype
package: govuk-prototype-kit@13.8.1
argv: ~/.nvm/versions/node/v18.13.0/bin/node ~/Documents/projects/apply-for-legal-aid-prototype/node_modules/.bin/govuk-prototype-kit migrate -- ~/Documents/projects/apply-for-legal-aid-prototype
Started [Migrate config.js to config.json]
Started [Update application SCSS file]
Started [Deleted files that are no longer needed]
Started [Deleted directories that are no longer needed]
Started [Delete listen-on-port.js]
Started [Delete server.js]
Started [Delete start.js]
Started [Delete gulpfile.js]
Started [Delete VERSION.txt]
Started [Delete Procfile]
Started [Delete app/assets/sass/application-ie8.scss]
Started [Remove unused directory docs]
Started [Remove unused directory lib]
Started [Remove unused directory __tests__]
Started [Remove unused directory gulp]
Started [Remove unused directory public]
Succeeded [Migrate config.js to config.json]
Succeeded [Delete server.js]
Succeeded [Delete listen-on-port.js]
Succeeded [Delete VERSION.txt]
Succeeded [Delete Procfile]
Succeeded [Delete gulpfile.js]
Succeeded [Delete app/assets/sass/application-ie8.scss]
Succeeded [Delete start.js]
Succeeded [Remove unused directory public]
Succeeded [Deleted files that are no longer needed]
Found [// Add your routes here - above the module.exports line] in [app/routes.js], replacing
Started [Overwrite app/views/layout.html]
Started [Overwrite app/assets/javascripts/application.js]
Started [Overwrite app/filters.js]
Keeping these lines from old file
Failed [Overwrite app/views/layout.html]
Started [Update app/assets/javascripts/application.js]
Copying from [node_modules/govuk-prototype-kit/prototype-starter/app/filters.js] to [app/filters.js]
Found [// Add extra styles here, or re-organise the Sass files in whichever way makes most sense to you] in [app/assets/sass/application.scss], replacing
Started [Delete app/assets/images/separator.png]
Started [Delete app/assets/images/separator-2x.png]
Started [Delete app/assets/javascripts/auto-store-data.js]
Started [Delete app/views/includes/cookie-banner.html]
Started [Delete app/views/includes/head.html]
Started [Delete app/views/includes/breadcrumb_examples.html]
Started [Delete app/views/includes/scripts.html]
Started [Delete app/assets/sass/unbranded.scss]
Started [Delete app/assets/images/unbranded.ico]
Started [Delete app/assets/sass/patterns/_check-your-answers.scss]
Started [Delete app/assets/sass/patterns/_step-by-step-navigation.scss]
Started [Delete app/assets/sass/patterns/_related-items.scss]
Started [Delete app/assets/sass/patterns/_task-list.scss]
Started [Delete app/assets/javascripts/jquery-1.11.3.js]
Succeeded [Remove unused directory gulp]
Keeping these lines from old file
Failed [Delete app/views/includes/scripts.html]
Failed [Delete app/assets/sass/unbranded.scss]
Failed [Delete app/assets/sass/patterns/_check-your-answers.scss]
Failed [Delete app/assets/sass/patterns/_related-items.scss]
Failed [Delete app/assets/sass/patterns/_task-list.scss]
Succeeded [Delete app/assets/javascripts/auto-store-data.js]
Succeeded [Delete app/assets/images/separator.png]
Succeeded [Delete app/assets/images/separator-2x.png]
Succeeded [Delete app/views/includes/head.html]
Succeeded [Delete app/assets/images/unbranded.ico]
Succeeded [Delete app/views/includes/cookie-banner.html]
Succeeded [Delete app/views/includes/breadcrumb_examples.html]
Succeeded [Delete app/assets/sass/patterns/_step-by-step-navigation.scss]
Succeeded [Delete app/assets/javascripts/jquery-1.11.3.js]
Succeeded [Remove unused directory __tests__]
Succeeded [Update application SCSS file]
//,// For guidance on how to create routes see:,// https://prototype-kit.service.gov.uk/docs/create-routes,//,,const govukPrototypeKit = require('govuk-prototype-kit'),const router = govukPrototypeKit.requests.setupRouter(),,// Add your routes here,,module.exports = router,
Succeeded [Update app/assets/javascripts/application.js]
Found [module.exports = router;,module.exports = router] in [app/routes.js], removing
Succeeded [Remove unused directory lib]
Succeeded [Overwrite app/assets/javascripts/application.js]
Succeeded [Update routes file]
Succeeded [Overwrite app/filters.js]
Succeeded [Remove unused directory docs]
Succeeded [Deleted directories that are no longer needed]
Started [Remove old pattern includes from application SCSS file]
Succeeded [Remove old pattern includes from application SCSS file]
Started [Remove empty directory app/assets/images]
Started [Remove empty directory app/assets/sass/patterns]
Started [Remove empty directory app/views/includes]
Skipped deleting app/assets/sass/patterns
Skipped deleting app/views/includes
Skipped deleting app/assets/images
2023-06-15T13:21:37.501Z
cwd: ~/Documents/projects/apply-for-legal-aid-prototype
package: govuk-prototype-kit@13.8.1
argv: ~/.nvm/versions/node/v18.13.0/bin/node ~/Documents/projects/apply-for-legal-aid-prototype/node_modules/.bin/govuk-prototype-kit migrate
Started [Check migration is being applied to a pre v13 prototype]
Failed [Check migration is being applied to a pre v13 prototype]
